# JRE version: Java(TM) SE Runtime Environment (7.0_55-b13) (build 1.7.0_55-b13)
# Java VM: Java HotSpot(TM) 64-Bit Server VM (24.55-b03 mixed mode linux-amd64 compressed oops)
Heap
 PSYoungGen      total 271360K, used 144686K [0x00000007d6700000, 0x00000007f2380000, 0x0000000800000000)
  eden space 252416K, 49% used [0x00000007d6700000,0x00000007de1d0420,0x00000007e5d80000)
  from space 18944K, 99% used [0x00000007e5d80000,0x00000007e6ffb720,0x00000007e7000000)
  to   space 25600K, 0% used [0x00000007f0a80000,0x00000007f0a80000,0x00000007f2380000)
 ParOldGen       total 84992K, used 29964K [0x0000000783600000, 0x0000000788900000, 0x00000007d6700000)
  object space 84992K, 35% used [0x0000000783600000,0x0000000785343108,0x0000000788900000)
 PSPermGen       total 55296K, used 55218K [0x000000077e400000, 0x0000000781a00000, 0x0000000783600000)
  object space 55296K, 99% used [0x000000077e400000,0x00000007819ecb78,0x0000000781a00000)
GC Heap History (10 events):
Event: 6,739 GC heap before
{Heap before GC invocations=5 (full 0):
 PSYoungGen      total 69632K, used 69632K [0x00000007d6700000, 0x00000007db000000, 0x0000000800000000)
  eden space 64512K, 100% used [0x00000007d6700000,0x00000007da600000,0x00000007da600000)
  from space 5120K, 100% used [0x00000007dab00000,0x00000007db000000,0x00000007db000000)
  to   space 5120K, 0% used [0x00000007da600000,0x00000007da600000,0x00000007dab00000)
 ParOldGen       total 84992K, used 5851K [0x0000000783600000, 0x0000000788900000, 0x00000007d6700000)
  object space 84992K, 6% used [0x0000000783600000,0x0000000783bb6f78,0x0000000788900000)
 PSPermGen       total 21504K, used 14025K [0x000000077e400000, 0x000000077f900000, 0x0000000783600000)
  object space 21504K, 65% used [0x000000077e400000,0x000000077f1b2608,0x000000077f900000)
Event: 6,781 GC heap after
Heap after GC invocations=5 (full 0):
 PSYoungGen      total 69632K, used 5120K [0x00000007d6700000, 0x00000007df700000, 0x0000000800000000)
  eden space 64512K, 0% used [0x00000007d6700000,0x00000007d6700000,0x00000007da600000)
  from space 5120K, 100% used [0x00000007da600000,0x00000007dab00000,0x00000007dab00000)
  to   space 9216K, 0% used [0x00000007dee00000,0x00000007dee00000,0x00000007df700000)
 ParOldGen       total 84992K, used 8951K [0x0000000783600000, 0x0000000788900000, 0x00000007d6700000)
  object space 84992K, 10% used [0x0000000783600000,0x0000000783ebdf88,0x0000000788900000)
 PSPermGen       total 21504K, used 14025K [0x000000077e400000, 0x000000077f900000, 0x0000000783600000)
  object space 21504K, 65% used [0x000000077e400000,0x000000077f1b2608,0x000000077f900000)
}
Event: 8,263 GC heap before
{Heap before GC invocations=6 (full 0):
 PSYoungGen      total 69632K, used 69632K [0x00000007d6700000, 0x00000007df700000, 0x0000000800000000)
  eden space 64512K, 100% used [0x00000007d6700000,0x00000007da600000,0x00000007da600000)
  from space 5120K, 100% used [0x00000007da600000,0x00000007dab00000,0x00000007dab00000)
  to   space 9216K, 0% used [0x00000007dee00000,0x00000007dee00000,0x00000007df700000)
 ParOldGen       total 84992K, used 8951K [0x0000000783600000, 0x0000000788900000, 0x00000007d6700000)
  object space 84992K, 10% used [0x0000000783600000,0x0000000783ebdf88,0x0000000788900000)
 PSPermGen       total 21504K, used 15052K [0x000000077e400000, 0x000000077f900000, 0x0000000783600000)
  object space 21504K, 69% used [0x000000077e400000,0x000000077f2b3068,0x000000077f900000)
Event: 8,288 GC heap after
Heap after GC invocations=6 (full 0):
 PSYoungGen      total 137216K, used 9125K [0x00000007d6700000, 0x00000007df900000, 0x0000000800000000)
  eden space 128000K, 0% used [0x00000007d6700000,0x00000007d6700000,0x00000007de400000)
  from space 9216K, 99% used [0x00000007dee00000,0x00000007df6e94f8,0x00000007df700000)
  to   space 10240K, 0% used [0x00000007de400000,0x00000007de400000,0x00000007dee00000)
 ParOldGen       total 84992K, used 8951K [0x0000000783600000, 0x0000000788900000, 0x00000007d6700000)
  object space 84992K, 10% used [0x0000000783600000,0x0000000783ebdf88,0x0000000788900000)
 PSPermGen       total 21504K, used 15052K [0x000000077e400000, 0x000000077f900000, 0x0000000783600000)
  object space 21504K, 69% used [0x000000077e400000,0x000000077f2b3068,0x000000077f900000)
}
Event: 11,172 GC heap before
{Heap before GC invocations=7 (full 0):
 PSYoungGen      total 137216K, used 137125K [0x00000007d6700000, 0x00000007df900000, 0x0000000800000000)
  eden space 128000K, 100% used [0x00000007d6700000,0x00000007de400000,0x00000007de400000)
  from space 9216K, 99% used [0x00000007dee00000,0x00000007df6e94f8,0x00000007df700000)
  to   space 10240K, 0% used [0x00000007de400000,0x00000007de400000,0x00000007dee00000)
 ParOldGen       total 84992K, used 8951K [0x0000000783600000, 0x0000000788900000, 0x00000007d6700000)
  object space 84992K, 10% used [0x0000000783600000,0x0000000783ebdf88,0x0000000788900000)
 PSPermGen       total 23552K, used 23276K [0x000000077e400000, 0x000000077fb00000, 0x0000000783600000)
  object space 23552K, 98% used [0x000000077e400000,0x000000077fabb260,0x000000077fb00000)
Event: 11,212 GC heap after
Heap after GC invocations=7 (full 0):
 PSYoungGen      total 138240K, used 10229K [0x00000007d6700000, 0x00000007e7f00000, 0x0000000800000000)
  eden space 128000K, 0% used [0x00000007d6700000,0x00000007d6700000,0x00000007de400000)
  from space 10240K, 99% used [0x00000007de400000,0x00000007dedfd7a8,0x00000007dee00000)
  to   space 15360K, 0% used [0x00000007e7000000,0x00000007e7000000,0x00000007e7f00000)
 ParOldGen       total 84992K, used 16407K [0x0000000783600000, 0x0000000788900000, 0x00000007d6700000)
  object space 84992K, 19% used [0x0000000783600000,0x0000000784605ce8,0x0000000788900000)
 PSPermGen       total 23552K, used 23276K [0x000000077e400000, 0x000000077fb00000, 0x0000000783600000)
  object space 23552K, 98% used [0x000000077e400000,0x000000077fabb260,0x000000077fb00000)
}
Event: 13,266 GC heap before
{Heap before GC invocations=8 (full 0):
 PSYoungGen      total 138240K, used 138229K [0x00000007d6700000, 0x00000007e7f00000, 0x0000000800000000)
  eden space 128000K, 100% used [0x00000007d6700000,0x00000007de400000,0x00000007de400000)
  from space 10240K, 99% used [0x00000007de400000,0x00000007dedfd7a8,0x00000007dee00000)
  to   space 15360K, 0% used [0x00000007e7000000,0x00000007e7000000,0x00000007e7f00000)
 ParOldGen       total 84992K, used 16407K [0x0000000783600000, 0x0000000788900000, 0x00000007d6700000)
  object space 84992K, 19% used [0x0000000783600000,0x0000000784605ce8,0x0000000788900000)
 PSPermGen       total 33280K, used 33132K [0x000000077e400000, 0x0000000780480000, 0x0000000783600000)
  object space 33280K, 99% used [0x000000077e400000,0x000000078045b120,0x0000000780480000)
Event: 13,306 GC heap after
Heap after GC invocations=8 (full 0):
 PSYoungGen      total 267776K, used 15347K [0x00000007d6700000, 0x00000007e8600000, 0x0000000800000000)
  eden space 252416K, 0% used [0x00000007d6700000,0x00000007d6700000,0x00000007e5d80000)
  from space 15360K, 99% used [0x00000007e7000000,0x00000007e7efcc08,0x00000007e7f00000)
  to   space 18944K, 0% used [0x00000007e5d80000,0x00000007e5d80000,0x00000007e7000000)
 ParOldGen       total 84992K, used 20670K [0x0000000783600000, 0x0000000788900000, 0x00000007d6700000)
  object space 84992K, 24% used [0x0000000783600000,0x0000000784a2fbf8,0x0000000788900000)
 PSPermGen       total 33280K, used 33132K [0x000000077e400000, 0x0000000780480000, 0x0000000783600000)
  object space 33280K, 99% used [0x000000077e400000,0x000000078045b120,0x0000000780480000)
}
Event: 16,671 GC heap before
{Heap before GC invocations=9 (full 0):
 PSYoungGen      total 267776K, used 267763K [0x00000007d6700000, 0x00000007e8600000, 0x0000000800000000)
  eden space 252416K, 100% used [0x00000007d6700000,0x00000007e5d80000,0x00000007e5d80000)
  from space 15360K, 99% used [0x00000007e7000000,0x00000007e7efcc08,0x00000007e7f00000)
  to   space 18944K, 0% used [0x00000007e5d80000,0x00000007e5d80000,0x00000007e7000000)
 ParOldGen       total 84992K, used 20670K [0x0000000783600000, 0x0000000788900000, 0x00000007d6700000)
  object space 84992K, 24% used [0x0000000783600000,0x0000000784a2fbf8,0x0000000788900000)
 PSPermGen       total 48640K, used 48442K [0x000000077e400000, 0x0000000781380000, 0x0000000783600000)
  object space 48640K, 99% used [0x000000077e400000,0x000000078134e8d0,0x0000000781380000)
Event: 16,741 GC heap after
Heap after GC invocations=9 (full 0):
 PSYoungGen      total 271360K, used 18925K [0x00000007d6700000, 0x00000007f2380000, 0x0000000800000000)
  eden space 252416K, 0% used [0x00000007d6700000,0x00000007d6700000,0x00000007e5d80000)
  from space 18944K, 99% used [0x00000007e5d80000,0x00000007e6ffb720,0x00000007e7000000)
  to   space 25600K, 0% used [0x00000007f0a80000,0x00000007f0a80000,0x00000007f2380000)
 ParOldGen       total 84992K, used 29964K [0x0000000783600000, 0x0000000788900000, 0x00000007d6700000)
  object space 84992K, 35% used [0x0000000783600000,0x0000000785343108,0x0000000788900000)
 PSPermGen       total 48640K, used 48442K [0x000000077e400000, 0x0000000781380000, 0x0000000783600000)
  object space 48640K, 99% used [0x000000077e400000,0x000000078134e8d0,0x0000000781380000)
}

